{"type":"server-started","port":51541,"host":"127.0.0.1","url_host":"localhost","url":"http://localhost:51541","screen_dir":"/Users/abs.sh/Desktop/CODE/personal/absieee.github.io/.superpowers/brainstorm/32836-1779658358/content","state_dir":"/Users/abs.sh/Desktop/CODE/personal/absieee.github.io/.superpowers/brainstorm/32836-1779658358/state"}
{"type":"screen-added","file":"/Users/abs.sh/Desktop/CODE/personal/absieee.github.io/.superpowers/brainstorm/32836-1779658358/content/theme.html"}
{"type":"screen-updated","file":"/Users/abs.sh/Desktop/CODE/personal/absieee.github.io/.superpowers/brainstorm/32836-1779658358/content/theme.html"}
{"type":"screen-updated","file":"/Users/abs.sh/Desktop/CODE/personal/absieee.github.io/.superpowers/brainstorm/32836-1779658358/content/theme.html"}
{"type":"screen-updated","file":"/Users/abs.sh/Desktop/CODE/personal/absieee.github.io/.superpowers/brainstorm/32836-1779658358/content/theme.html"}
{"type":"screen-added","file":"/Users/abs.sh/Desktop/CODE/personal/absieee.github.io/.superpowers/brainstorm/32836-1779658358/content/theme-v2.html"}
{"type":"screen-updated","file":"/Users/abs.sh/Desktop/CODE/personal/absieee.github.io/.superpowers/brainstorm/32836-1779658358/content/theme-v2.html"}
{"type":"screen-updated","file":"/Users/abs.sh/Desktop/CODE/personal/absieee.github.io/.superpowers/brainstorm/32836-1779658358/content/theme-v2.html"}
{"type":"screen-updated","file":"/Users/abs.sh/Desktop/CODE/personal/absieee.github.io/.superpowers/brainstorm/32836-1779658358/content/theme-v2.html"}
{"source":"user-event","type":"click","text":"absieee\n        personal terminal\n      \n      $ whoami\n      Abhishek Sharma — PM, builder, tennis menace.\n      $ blog\n      3 posts  · last updated 2 days ago\n    \n    \n      Bun-style\n      Pure black, neutral grey text, gradient name in orange→pink→purple. Inspired by how Bun renders its own CLI output. Loud logo, quiet everything else.","choice":"bun","id":null,"timestamp":1779658549378}
{"type":"screen-added","file":"/Users/abs.sh/Desktop/CODE/personal/absieee.github.io/.superpowers/brainstorm/32836-1779658358/content/theme-v3.html"}
{"type":"screen-updated","file":"/Users/abs.sh/Desktop/CODE/personal/absieee.github.io/.superpowers/brainstorm/32836-1779658358/content/theme-v3.html"}
{"type":"screen-updated","file":"/Users/abs.sh/Desktop/CODE/personal/absieee.github.io/.superpowers/brainstorm/32836-1779658358/content/theme-v3.html"}
{"type":"screen-updated","file":"/Users/abs.sh/Desktop/CODE/personal/absieee.github.io/.superpowers/brainstorm/32836-1779658358/content/theme-v3.html"}
{"type":"screen-added","file":"/Users/abs.sh/Desktop/CODE/personal/absieee.github.io/.superpowers/brainstorm/32836-1779658358/content/waiting-1.html"}
{"type":"screen-updated","file":"/Users/abs.sh/Desktop/CODE/personal/absieee.github.io/.superpowers/brainstorm/32836-1779658358/content/waiting-1.html"}
{"type":"screen-updated","file":"/Users/abs.sh/Desktop/CODE/personal/absieee.github.io/.superpowers/brainstorm/32836-1779658358/content/waiting-1.html"}
{"type":"screen-updated","file":"/Users/abs.sh/Desktop/CODE/personal/absieee.github.io/.superpowers/brainstorm/32836-1779658358/content/waiting-1.html"}
{"type":"screen-added","file":"/Users/abs.sh/Desktop/CODE/personal/absieee.github.io/.superpowers/brainstorm/32836-1779658358/content/intro-screen.html"}
{"type":"screen-updated","file":"/Users/abs.sh/Desktop/CODE/personal/absieee.github.io/.superpowers/brainstorm/32836-1779658358/content/intro-screen.html"}
{"type":"screen-updated","file":"/Users/abs.sh/Desktop/CODE/personal/absieee.github.io/.superpowers/brainstorm/32836-1779658358/content/intro-screen.html"}
{"type":"screen-updated","file":"/Users/abs.sh/Desktop/CODE/personal/absieee.github.io/.superpowers/brainstorm/32836-1779658358/content/intro-screen.html"}
{"source":"user-event","type":"click","text":"┌─────────────┐\n│  ▄▀▀▄ ▄▀▀▄  │\n│  █▄▄█ █▄▄█  │\n│  █  █ █  █  │\n│  ▀▄▄▀ ▀▄▄▀  │\n└─────────────┘\n        \n          absieee@github.io\n          ─────────────────────\n          role: Product Manager\n          based: London, UK\n          blog: absieee.github.io/blog\n          ─────────────────────\n          type help for commands\n        \n      \n      $  \n    \n    \n      Sumfetch / Neofetch\n      ASCII art logo beside a structured key-value info block, like neofetch in your terminal. Immediately signals \"this person lives in the CLI.\" Instantly impressive.","choice":"sumfetch","id":null,"timestamp":1779658854929}
{"type":"screen-added","file":"/Users/abs.sh/Desktop/CODE/personal/absieee.github.io/.superpowers/brainstorm/32836-1779658358/content/waiting-2.html"}
{"type":"screen-updated","file":"/Users/abs.sh/Desktop/CODE/personal/absieee.github.io/.superpowers/brainstorm/32836-1779658358/content/waiting-2.html"}
{"type":"screen-updated","file":"/Users/abs.sh/Desktop/CODE/personal/absieee.github.io/.superpowers/brainstorm/32836-1779658358/content/waiting-2.html"}
{"type":"screen-updated","file":"/Users/abs.sh/Desktop/CODE/personal/absieee.github.io/.superpowers/brainstorm/32836-1779658358/content/waiting-2.html"}
{"type":"screen-added","file":"/Users/abs.sh/Desktop/CODE/personal/absieee.github.io/.superpowers/brainstorm/32836-1779658358/content/design-layout.html"}
{"type":"screen-updated","file":"/Users/abs.sh/Desktop/CODE/personal/absieee.github.io/.superpowers/brainstorm/32836-1779658358/content/design-layout.html"}
{"type":"screen-updated","file":"/Users/abs.sh/Desktop/CODE/personal/absieee.github.io/.superpowers/brainstorm/32836-1779658358/content/design-layout.html"}
{"type":"screen-updated","file":"/Users/abs.sh/Desktop/CODE/personal/absieee.github.io/.superpowers/brainstorm/32836-1779658358/content/design-layout.html"}
{"type":"server-stopped","reason":"idle timeout"}
